<?xml version="1.0" encoding="UTF-8"?>
<testsuite xmlns:xsi="http://www.w3.org/2001/XMLSchema-instance" xsi:noNamespaceSchemaLocation="https://maven.apache.org/surefire/maven-surefire-plugin/xsd/surefire-test-report-3.0.xsd" version="3.0" name="com.dondedanilo.app.springboot.tiendatios.springboot_web.SpringbootWebApplicationTests" time="5.753" tests="1" errors="0" skipped="0" failures="0">
  <properties>
[...]
</properties>
  <testcase name="contextLoads" classname="com.dondedanilo.app.springboot.tiendatios.springboot_web.SpringbootWebApplicationTests" time="1.303">
    <system-out><![CDATA[19:29:42.210 [main] INFO org.springframework.test.context.support.AnnotationConfigContextLoaderUtils -- Could not detect default configuration classes for test class [com.dondedanilo.app.springboot.tiendatios.springboot_web.SpringbootWebApplicationTests]: SpringbootWebApplicationTests does not declare any static, non-private, non-final, nested classes annotated with @Configuration.
19:29:42.406 [main] INFO org.springframework.boot.test.context.SpringBootTestContextBootstrapper -- Found @SpringBootConfiguration com.dondedanilo.app.springboot.tiendatios.springboot_web.SpringbootWebApplication for test class com.dondedanilo.app.springboot.tiendatios.springboot_web.SpringbootWebApplicationTests
19:29:42.652 [main] INFO org.springframework.boot.devtools.restart.RestartApplicationListener -- Restart disabled due to context in which it is running

  .   ____          _            __ _ _
 /\\ / ___'_ __ _ _(_)_ __  __ _ \ \ \ \
( ( )\___ | '_ | '_| | '_ \/ _` | \ \ \ \
 \\/  ___)| |_)| | | | | || (_| |  ) ) ) )
  '  |____| .__|_| |_|_| |_\__, | / / / /
 =========|_|==============|___/=/_/_/_/

 :: Spring Boot ::                (v3.3.2)

2024-08-13T19:29:43.033-05:00  INFO 23040 --- [springboot-web] [           main] .d.a.s.t.s.SpringbootWebApplicationTests : Starting SpringbootWebApplicationTests using Java 17.0.7 with PID 23040 (started by user in V:\springu\springboot-web)
2024-08-13T19:29:43.035-05:00  INFO 23040 --- [springboot-web] [           main] .d.a.s.t.s.SpringbootWebApplicationTests : No active profile set, falling back to 1 default profile: "default"
2024-08-13T19:29:46.076-05:00  INFO 23040 --- [springboot-web] [           main] o.s.b.a.e.web.EndpointLinksResolver      : Exposing 1 endpoint beneath base path '/actuator'
2024-08-13T19:29:46.251-05:00  INFO 23040 --- [springboot-web] [           main] .d.a.s.t.s.SpringbootWebApplicationTests : Started SpringbootWebApplicationTests in 3.614 seconds (process running for 4.991)
]]></system-out>
  </testcase>
</testsuite>